2023-05-30T12:48:07.949Z - error ==> userModel.finds is not a function, description==>TypeError: userModel.finds is not a function
    at login (file:///home/cedcoss/syed/node/node-server-setup-2.0/src/controllers/authController.js:69:34)
    at Layer.handle [as handle_request] (/home/cedcoss/syed/node/node-server-setup-2.0/node_modules/express/lib/router/layer.js:95:5)
    at next (/home/cedcoss/syed/node/node-server-setup-2.0/node_modules/express/lib/router/route.js:144:13)
    at Route.dispatch (/home/cedcoss/syed/node/node-server-setup-2.0/node_modules/express/lib/router/route.js:114:3)
    at Layer.handle [as handle_request] (/home/cedcoss/syed/node/node-server-setup-2.0/node_modules/express/lib/router/layer.js:95:5)
    at /home/cedcoss/syed/node/node-server-setup-2.0/node_modules/express/lib/router/index.js:284:15
    at Function.process_params (/home/cedcoss/syed/node/node-server-setup-2.0/node_modules/express/lib/router/index.js:346:12)
    at next (/home/cedcoss/syed/node/node-server-setup-2.0/node_modules/express/lib/router/index.js:280:10)
    at Function.handle (/home/cedcoss/syed/node/node-server-setup-2.0/node_modules/express/lib/router/index.js:175:3)
    at router (/home/cedcoss/syed/node/node-server-setup-2.0/node_modules/express/lib/router/index.js:47:12)

2023-05-30T12:48:12.107Z - error ==> userModel.finds is not a function, description==>TypeError: userModel.finds is not a function
    at login (file:///home/cedcoss/syed/node/node-server-setup-2.0/src/controllers/authController.js:69:34)
    at Layer.handle [as handle_request] (/home/cedcoss/syed/node/node-server-setup-2.0/node_modules/express/lib/router/layer.js:95:5)
    at next (/home/cedcoss/syed/node/node-server-setup-2.0/node_modules/express/lib/router/route.js:144:13)
    at Route.dispatch (/home/cedcoss/syed/node/node-server-setup-2.0/node_modules/express/lib/router/route.js:114:3)
    at Layer.handle [as handle_request] (/home/cedcoss/syed/node/node-server-setup-2.0/node_modules/express/lib/router/layer.js:95:5)
    at /home/cedcoss/syed/node/node-server-setup-2.0/node_modules/express/lib/router/index.js:284:15
    at Function.process_params (/home/cedcoss/syed/node/node-server-setup-2.0/node_modules/express/lib/router/index.js:346:12)
    at next (/home/cedcoss/syed/node/node-server-setup-2.0/node_modules/express/lib/router/index.js:280:10)
    at Function.handle (/home/cedcoss/syed/node/node-server-setup-2.0/node_modules/express/lib/router/index.js:175:3)
    at router (/home/cedcoss/syed/node/node-server-setup-2.0/node_modules/express/lib/router/index.js:47:12)

