2023-06-21T05:47:47.371Z - error ==> jwt expired, description==>TokenExpiredError: jwt expired
    at /home/cedcoss/Syed/demo-project/payment-app/server/node_modules/jsonwebtoken/verify.js:190:21
    at getSecret (/home/cedcoss/Syed/demo-project/payment-app/server/node_modules/jsonwebtoken/verify.js:97:14)
    at module.exports [as verify] (/home/cedcoss/Syed/demo-project/payment-app/server/node_modules/jsonwebtoken/verify.js:101:10)
    at verifyJWT (file:///home/cedcoss/Syed/demo-project/payment-app/server/src/services/jwt.js:10:20)
    at auth (file:///home/cedcoss/Syed/demo-project/payment-app/server/src/middleware/auth.js:8:27)
    at Layer.handle [as handle_request] (/home/cedcoss/Syed/demo-project/payment-app/server/node_modules/express/lib/router/layer.js:95:5)
    at next (/home/cedcoss/Syed/demo-project/payment-app/server/node_modules/express/lib/router/route.js:144:13)
    at Route.dispatch (/home/cedcoss/Syed/demo-project/payment-app/server/node_modules/express/lib/router/route.js:114:3)
    at Layer.handle [as handle_request] (/home/cedcoss/Syed/demo-project/payment-app/server/node_modules/express/lib/router/layer.js:95:5)
    at /home/cedcoss/Syed/demo-project/payment-app/server/node_modules/express/lib/router/index.js:284:15
    at Function.process_params (/home/cedcoss/Syed/demo-project/payment-app/server/node_modules/express/lib/router/index.js:346:12)
    at next (/home/cedcoss/Syed/demo-project/payment-app/server/node_modules/express/lib/router/index.js:280:10)
    at Function.handle (/home/cedcoss/Syed/demo-project/payment-app/server/node_modules/express/lib/router/index.js:175:3)
    at router (/home/cedcoss/Syed/demo-project/payment-app/server/node_modules/express/lib/router/index.js:47:12)
    at Layer.handle [as handle_request] (/home/cedcoss/Syed/demo-project/payment-app/server/node_modules/express/lib/router/layer.js:95:5)
    at trim_prefix (/home/cedcoss/Syed/demo-project/payment-app/server/node_modules/express/lib/router/index.js:328:13)
    at /home/cedcoss/Syed/demo-project/payment-app/server/node_modules/express/lib/router/index.js:286:9
    at Function.process_params (/home/cedcoss/Syed/demo-project/payment-app/server/node_modules/express/lib/router/index.js:346:12)
    at next (/home/cedcoss/Syed/demo-project/payment-app/server/node_modules/express/lib/router/index.js:280:10)
    at session (/home/cedcoss/Syed/demo-project/payment-app/server/node_modules/express-session/index.js:479:7)
    at Layer.handle [as handle_request] (/home/cedcoss/Syed/demo-project/payment-app/server/node_modules/express/lib/router/layer.js:95:5)
    at trim_prefix (/home/cedcoss/Syed/demo-project/payment-app/server/node_modules/express/lib/router/index.js:328:13)

